[debug] [2023-04-05T17:12:40.895Z] ----------------------------------------------------------------------
[debug] [2023-04-05T17:12:40.897Z] Command:       /usr/local/bin/node /usr/local/bin/firebase init
[debug] [2023-04-05T17:12:40.897Z] CLI Version:   11.25.2
[debug] [2023-04-05T17:12:40.898Z] Platform:      darwin
[debug] [2023-04-05T17:12:40.898Z] Node Version:  v18.15.0
[debug] [2023-04-05T17:12:40.899Z] Time:          Wed Apr 05 2023 18:12:40 GMT+0100 (West Africa Standard Time)
[debug] [2023-04-05T17:12:40.899Z] ----------------------------------------------------------------------
[debug] 
[debug] [2023-04-05T17:12:40.906Z] > command requires scopes: ["email","openid","https://www.googleapis.com/auth/cloudplatformprojects.readonly","https://www.googleapis.com/auth/firebase","https://www.googleapis.com/auth/cloud-platform"]
[debug] [2023-04-05T17:12:40.906Z] > authorizing via signed-in user (adamoukomcheabdoulrazak@gmail.com)
[info] 
     ######## #### ########  ######## ########     ###     ######  ########
     ##        ##  ##     ## ##       ##     ##  ##   ##  ##       ##
     ######    ##  ########  ######   ########  #########  ######  ######
     ##        ##  ##    ##  ##       ##     ## ##     ##       ## ##
     ##       #### ##     ## ######## ########  ##     ##  ######  ########

You're about to initialize a Firebase project in this directory:

  /Users/macintosh/Documents/Projects/coutureserver

[info] 
=== Project Setup
[info] 
[info] First, let's associate this project directory with a Firebase project.
[info] You can create multiple project aliases by running firebase use --add, 
[info] but for now we'll just set up a default project.
[info] 
[debug] [2023-04-05T17:13:31.394Z] >>> [apiv2][query] GET https://firebase.googleapis.com/v1beta1/projects pageSize=100
[debug] [2023-04-05T17:13:32.564Z] <<< [apiv2][status] GET https://firebase.googleapis.com/v1beta1/projects 200
[debug] [2023-04-05T17:13:32.564Z] <<< [apiv2][body] GET https://firebase.googleapis.com/v1beta1/projects [omitted]
[info] i  Using project gesco-387bc (GesCo) 
[info] 
=== Hosting Setup
[info] 
[info] Your public directory is the folder (relative to your project directory) that
[info] will contain Hosting assets to be uploaded with firebase deploy. If you
[info] have a build process for your assets, use your build's output directory.
[info] 
[info] ✔  Wrote public/404.html 
[debug] [2023-04-05T17:14:52.494Z] >>> [apiv2][query] GET https://www.gstatic.com/firebasejs/releases.json [none]
[debug] [2023-04-05T17:14:53.166Z] <<< [apiv2][status] GET https://www.gstatic.com/firebasejs/releases.json 200
[debug] [2023-04-05T17:14:53.166Z] <<< [apiv2][body] GET https://www.gstatic.com/firebasejs/releases.json {"current":{"version":"9.19.1","browserURL":"https://www.gstatic.com/firebasejs/9.19.1/firebase.js","packageURL":"https://www.gstatic.com/firebasejs/9.19.1/firebase.tgz"},"live":{"version":"9.19","browserURL":"https://www.gstatic.com/firebasejs/live/9.19/firebase.js","packageURL":"https://www.gstatic.com/firebasejs/live/9.19/firebase.tgz"},"components":{"analytics":"https://www.gstatic.com/firebasejs/9.19.1/firebase-analytics.js","app":"https://www.gstatic.com/firebasejs/9.19.1/firebase-app.js","app-check":"https://www.gstatic.com/firebasejs/9.19.1/firebase-app-check.js","auth":"https://www.gstatic.com/firebasejs/9.19.1/firebase-auth.js","auth/cordova":"https://www.gstatic.com/firebasejs/9.19.1/firebase-auth/cordova.js","auth/react-native":"https://www.gstatic.com/firebasejs/9.19.1/firebase-auth/react-native.js","functions":"https://www.gstatic.com/firebasejs/9.19.1/firebase-functions.js","firestore":"https://www.gstatic.com/firebasejs/9.19.1/firebase-firestore.js","firestore/lite":"https://www.gstatic.com/firebasejs/9.19.1/firebase-firestore/lite.js","installations":"https://www.gstatic.com/firebasejs/9.19.1/firebase-installations.js","storage":"https://www.gstatic.com/firebasejs/9.19.1/firebase-storage.js","performance":"https://www.gstatic.com/firebasejs/9.19.1/firebase-performance.js","remote-config":"https://www.gstatic.com/firebasejs/9.19.1/firebase-remote-config.js","messaging":"https://www.gstatic.com/firebasejs/9.19.1/firebase-messaging.js","messaging/sw":"https://www.gstatic.com/firebasejs/9.19.1/firebase-messaging/sw.js","database":"https://www.gstatic.com/firebasejs/9.19.1/firebase-database.js","firestore.memory":"https://www.gstatic.com/firebasejs/9.19.1/firebase-firestore.memory.js"}}
[info] ✔  Wrote public/index.html 
[info] 
[info] i  Didn't detect a .git folder. Assuming /Users/macintosh/Documents/Projects/coutureserver is the project root. 
[info] i  Authorizing with GitHub to upload your service account to a GitHub repository's secrets store. 
[info] 
[info] Visit this URL on this device to log in:
[info] https://github.com/login/oauth/authorize?client_id=89cf50f02ac6aaed3484&state=743593283&redirect_uri=http%3A%2F%2Flocalhost%3A9005&scope=read%3Auser%20repo%20public_repo
[info] 
[info] Waiting for authentication...
[debug] [2023-04-05T17:17:59.578Z] >>> [apiv2][query] POST https://github.com/login/oauth/access_token [none]
[debug] [2023-04-05T17:17:59.580Z] >>> [apiv2][body] POST https://github.com/login/oauth/access_token [stream]
[debug] [2023-04-05T17:18:00.342Z] <<< [apiv2][status] POST https://github.com/login/oauth/access_token 200
[debug] [2023-04-05T17:18:00.342Z] <<< [apiv2][body] POST https://github.com/login/oauth/access_token {"access_token":"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","token_type":"bearer","scope":"read:user,repo"}
[debug] [2023-04-05T17:18:00.357Z] >>> [apiv2][query] GET https://api.github.com/user [none]
[debug] [2023-04-05T17:18:01.419Z] <<< [apiv2][status] GET https://api.github.com/user 200
[debug] [2023-04-05T17:18:01.419Z] <<< [apiv2][body] GET https://api.github.com/user {"login":"Komche","id":31341079,"node_id":"MDQ6VXNlcjMxMzQxMDc5","avatar_url":"https://avatars.githubusercontent.com/u/31341079?v=4","gravatar_id":"","url":"https://api.github.com/users/Komche","html_url":"https://github.com/Komche","followers_url":"https://api.github.com/users/Komche/followers","following_url":"https://api.github.com/users/Komche/following{/other_user}","gists_url":"https://api.github.com/users/Komche/gists{/gist_id}","starred_url":"https://api.github.com/users/Komche/starred{/owner}{/repo}","subscriptions_url":"https://api.github.com/users/Komche/subscriptions","organizations_url":"https://api.github.com/users/Komche/orgs","repos_url":"https://api.github.com/users/Komche/repos","events_url":"https://api.github.com/users/Komche/events{/privacy}","received_events_url":"https://api.github.com/users/Komche/received_events","type":"User","site_admin":false,"name":"Komche","company":"2iSoft","blog":"www.2iSoft.com","location":"Niamy, Niger","email":null,"hireable":null,"bio":null,"twitter_username":null,"public_repos":41,"public_gists":2,"followers":7,"following":8,"created_at":"2017-08-25T08:33:25Z","updated_at":"2023-03-22T11:36:37Z","private_gists":0,"total_private_repos":21,"owned_private_repos":21,"disk_usage":1154096,"collaborators":7,"two_factor_authentication":false,"plan":{"name":"free","space":976562499,"collaborators":0,"private_repos":10000}}
[info] 
[info] ✔  Success! Logged into GitHub as Komche 
[info] 
[debug] [2023-04-05T17:18:12.892Z] >>> [apiv2][query] GET https://api.github.com/repos//actions/secrets/public-key type=owner
[debug] [2023-04-05T17:18:13.594Z] <<< [apiv2][status] GET https://api.github.com/repos//actions/secrets/public-key 404
[debug] [2023-04-05T17:18:13.594Z] <<< [apiv2][body] GET https://api.github.com/repos//actions/secrets/public-key {"message":"Not Found","documentation_url":"https://docs.github.com/rest"}
[debug] [2023-04-05T17:18:18.450Z] >>> [apiv2][query] GET https://api.github.com/repos//actions/secrets/public-key type=owner
[debug] [2023-04-05T17:18:19.132Z] <<< [apiv2][status] GET https://api.github.com/repos//actions/secrets/public-key 404
[debug] [2023-04-05T17:18:19.133Z] <<< [apiv2][body] GET https://api.github.com/repos//actions/secrets/public-key {"message":"Not Found","documentation_url":"https://docs.github.com/rest"}
